
=== Wed May 29 08:51:01 2024

Packages were changed.
Update Mode: updateDependencies

The following packages were added:
  com.unity.2d.sprite@1.0.0
  com.unity.2d.tilemap@1.0.0
  com.unity.ide.rider@3.0.21
  com.unity.ide.visualstudio@2.0.18
  com.unity.ide.vscode@1.2.5
  com.unity.modules.androidjni@1.0.0
  com.unity.test-framework@1.1.33
  com.unity.ugui@1.0.0
  com.unity.ai.navigation@1.1.3
The following packages were updated:
  com.unity.2d.pixel-perfect from version 1.0.1-preview to 5.0.3
  com.unity.ads from version 2.0.8 to 4.4.2
  com.unity.analytics from version 3.3.2 to 3.8.1
  com.unity.cinemachine from version 2.3.3 to 2.9.5
  com.unity.collab-proxy from version 1.2.16 to 2.0.4
  com.unity.postprocessing from version 2.1.6 to 3.2.2
  com.unity.purchasing from version 2.0.6 to 4.8.0
  com.unity.textmeshpro from version 2.0.0 to 3.0.6
  com.unity.timeline from version 1.0.0 to 1.7.4
The following packages were removed:
  com.unity.package-manager-ui@2.1.2
